#: 3; @: -exec vitis_hls tcl_script.tcl; 1: -exec RDI_ARGS: 
RDI_PROG=vitis_hls
#: 1; @: tcl_script.tcl; 1: tcl_script.tcl RDI_ARGS: 
Final RDI_ARGS: tcl_script.tcl
RDI_JAVAROOT: /home/lduac/Software/Xilinx/Vitis_HLS/2020.2/tps/lnx64/jre11.0.2
RDI_DATADIR: /home/lduac/Software/Xilinx/Vitis_HLS/2020.2/data
DEPENDENCY: VITIS_HLS_SETUP
RDI_LIBDIR: /home/lduac/Software/Xilinx/Vitis_HLS/2020.2/lib/lnx64.o/Ubuntu:/home/lduac/Software/Xilinx/Vitis_HLS/2020.2/lib/lnx64.o
RDI_BINDIR: /home/lduac/Software/Xilinx/Vitis_HLS/2020.2/bin
LD_LIBRARY_PATH: /usr/local/cuda/lib64:/usr/local/cuda/extras/CUPTI/lib64:/home/lduac/Software/Xilinx/Vitis_HLS/2020.2/bin/../lnx64/tools/dot/lib
:tcl_script.tcl
@: tcl_script.tcl

****** Vitis HLS - High-Level Synthesis from C, C++ and OpenCL v2020.2 (64-bit)
  **** SW Build 3064766 on Wed Nov 18 09:12:47 MST 2020
  **** IP Build 3064653 on Wed Nov 18 14:17:31 MST 2020
    ** Copyright 1986-2020 Xilinx, Inc. All Rights Reserved.

source /home/lduac/Software/Xilinx/Vitis_HLS/2020.2/scripts/vitis_hls/hls.tcl -notrace
INFO: [HLS 200-10] Running '/home/lduac/Software/Xilinx/Vitis_HLS/2020.2/bin/unwrapped/lnx64.o/vitis_hls'
INFO: [HLS 200-10] For user 'lduac@ust.hk' on host 'ecelvd703.ece.local' (Linux_x86_64 version 4.15.0-142-generic) on Sun May 30 10:16:01 HKT 2021
INFO: [HLS 200-10] On os Ubuntu 16.04.7 LTS
INFO: [HLS 200-10] In directory '/home/lduac/Projects/CCC-Pragma_OK/problems/sobel2'
Sourcing Tcl script 'tcl_script.tcl'
INFO: [HLS 200-1510] Running: open_project sobel 
INFO: [HLS 200-10] Opening project '/home/lduac/Projects/CCC-Pragma_OK/problems/sobel2/sobel'.
INFO: [HLS 200-1510] Running: set_top sobel 
INFO: [HLS 200-1510] Running: add_files sobel.cpp 
INFO: [HLS 200-10] Adding design file 'sobel.cpp' to the project
INFO: [HLS 200-1510] Running: add_files -tb data.txt -cflags -I. 
INFO: [HLS 200-10] Adding test bench file 'data.txt' to the project
INFO: [HLS 200-1510] Running: add_files -tb dst.txt -cflags -I. 
INFO: [HLS 200-10] Adding test bench file 'dst.txt' to the project
INFO: [HLS 200-1510] Running: add_files -tb sobel_test.cpp -cflags -I. 
INFO: [HLS 200-10] Adding test bench file 'sobel_test.cpp' to the project
INFO: [HLS 200-1510] Running: open_solution solution1 -flow_target vivado 
INFO: [HLS 200-10] Opening solution '/home/lduac/Projects/CCC-Pragma_OK/problems/sobel2/sobel/solution1'.
INFO: [SYN 201-201] Setting up clock 'default' with a period of 10ns.
INFO: [HLS 200-10] Setting target device to 'xcu50-fsvh2104-2-e'
INFO: [HLS 200-1505] Using flow_target 'vivado'
Resolution: For help on HLS 200-1505 see www.xilinx.com/cgi-bin/docs/rdoc?v=2020.2;t=hls+guidance;d=200-1505.html
INFO: [HLS 200-1510] Running: set_part xcu50-fsvh2104-2-e 
INFO: [HLS 200-1510] Running: create_clock -period 10 -name default 
INFO: [HLS 200-1510] Running: csim_design 
INFO: [SIM 211-2] *************** CSIM start ***************
INFO: [SIM 211-4] CSIM will launch GCC as the compiler.
   Compiling ../../../../sobel.cpp in debug mode
   Generating csim.exe
*******************************************
PASS: The output matches the golden output!
*******************************************
INFO: [SIM 211-1] CSim done with 0 errors.
INFO: [SIM 211-3] *************** CSIM finish ***************
INFO: [HLS 200-111] Finished Command csim_design CPU user time: 1.54 seconds. CPU system time: 0.31 seconds. Elapsed time: 1.6 seconds; current allocated memory: 224.024 MB.
INFO: [HLS 200-1510] Running: csynth_design 
INFO: [HLS 200-111] Finished File checks and directory preparation: CPU user time: 0 seconds. CPU system time: 0 seconds. Elapsed time: 0.01 seconds; current allocated memory: 224.167 MB.
INFO: [HLS 200-10] Analyzing design file 'sobel.cpp' ... 
WARNING: [HLS 207-5510] 'Resource pragma' is deprecated, and it will be removed in future release. It is suggested to replace it with 'bind_op/bind_storage pragma'.: sobel.cpp:8:9
WARNING: [HLS 207-5510] 'Resource pragma' is deprecated, and it will be removed in future release. It is suggested to replace it with 'bind_op/bind_storage pragma'.: sobel.cpp:10:9
WARNING: [HLS 207-5301] unused parameter 'rows': sobel.cpp:4:108
WARNING: [HLS 207-5301] unused parameter 'cols': sobel.cpp:4:118
INFO: [HLS 200-111] Finished Source Code Analysis and Preprocessing: CPU user time: 2.71 seconds. CPU system time: 0.31 seconds. Elapsed time: 3.02 seconds; current allocated memory: 225.701 MB.
INFO: [HLS 200-777] Using interface defaults for 'Vivado' flow target.
INFO: [HLS 214-188] Unrolling loop 'VITIS_LOOP_51_7' (sobel.cpp:51:20) in function 'sobel' partially with a factor of 2 (sobel.cpp:51:20)
INFO: [HLS 214-188] Unrolling loop 'VITIS_LOOP_37_5' (sobel.cpp:37:20) in function 'sobel' partially with a factor of 2 (sobel.cpp:37:20)
INFO: [HLS 214-188] Unrolling loop 'VITIS_LOOP_27_3' (sobel.cpp:27:20) in function 'sobel' partially with a factor of 2 (sobel.cpp:27:20)
INFO: [HLS 200-111] Finished Compiling Optimization and Transform: CPU user time: 3.74 seconds. CPU system time: 0.25 seconds. Elapsed time: 4 seconds; current allocated memory: 227.300 MB.
INFO: [HLS 200-111] Finished Checking Pragmas: CPU user time: 0 seconds. CPU system time: 0 seconds. Elapsed time: 0 seconds; current allocated memory: 227.301 MB.
INFO: [HLS 200-10] Starting code transformations ...
INFO: [HLS 200-111] Finished Standard Transforms: CPU user time: 0.03 seconds. CPU system time: 0 seconds. Elapsed time: 0.03 seconds; current allocated memory: 229.018 MB.
INFO: [HLS 200-10] Checking synthesizability ...
INFO: [HLS 200-111] Finished Checking Synthesizability: CPU user time: 0.04 seconds. CPU system time: 0 seconds. Elapsed time: 0.04 seconds; current allocated memory: 228.097 MB.
INFO: [XFORM 203-510] Pipelining loop 'VITIS_LOOP_20_1' (sobel.cpp:6) in function 'sobel' automatically.
WARNING: [HLS 200-914] Completely partitioning array 'tempx' (sobel.cpp:12) accessed through non-constant indices on dimension 1, which may result in long runtime and suboptimal QoR due to large multiplexers. Please consider wrapping the array access into a function or using a register file core instead.
Resolution: For help on HLS 200-914 see www.xilinx.com/cgi-bin/docs/rdoc?v=2020.2;t=hls+guidance;d=200-914.html
INFO: [XFORM 203-101] Partitioning array 'tempx' (sobel.cpp:12) in dimension 1 completely.
INFO: [XFORM 203-11] Balancing expressions in function 'sobel' (sobel.cpp:4)...3 expression(s) balanced.
INFO: [HLS 200-111] Finished Loop, function and other optimizations: CPU user time: 18.79 seconds. CPU system time: 0.05 seconds. Elapsed time: 18.84 seconds; current allocated memory: 300.061 MB.
WARNING: [HLS 200-960] Cannot flatten loop 'VITIS_LOOP_26_2' (sobel.cpp:6:6) in function 'sobel' the outer loop is not a perfect loop because there is nontrivial logic before entering the inner loop.
Resolution: For help on HLS 200-960 see www.xilinx.com/cgi-bin/docs/rdoc?v=2020.2;t=hls+guidance;d=200-960.html
INFO: [XFORM 203-541] Flattening a loop nest 'VITIS_LOOP_36_4' (sobel.cpp:11:12) in function 'sobel'.
INFO: [XFORM 203-541] Flattening a loop nest 'VITIS_LOOP_50_6' (sobel.cpp:6:6) in function 'sobel'.
INFO: [HLS 200-472] Inferring partial write operation for 'src_temp' (sobel.cpp:31:19)
INFO: [HLS 200-472] Inferring partial write operation for 'src_temp_T' (sobel.cpp:44:21)
WARNING: [HLS 200-954] Cannot Rewind function sobel because there are multiple loops inside the region (sobel.cpp:4)
Resolution: For help on HLS 200-954 see www.xilinx.com/cgi-bin/docs/rdoc?v=2020.2;t=hls+guidance;d=200-954.html
INFO: [HLS 200-111] Finished Architecture Synthesis: CPU user time: 201.33 seconds. CPU system time: 0.32 seconds. Elapsed time: 201.67 seconds; current allocated memory: 1021.970 MB.
INFO: [HLS 200-10] Starting hardware synthesis ...
INFO: [HLS 200-10] Synthesizing 'sobel' ...
INFO: [HLS 200-10] ----------------------------------------------------------------
INFO: [HLS 200-42] -- Implementing module 'sobel' 
INFO: [HLS 200-10] ----------------------------------------------------------------
INFO: [SCHED 204-11] Starting scheduling ...
INFO: [HLS 200-486] Changing DSP48 latency (root=mul_ln6) to 3 in order to utilize available DSP registers.
INFO: [HLS 200-486] Changing DSP48 latency (root=mul_ln6_1) to 3 in order to utilize available DSP registers.
INFO: [HLS 200-486] Changing DSP48 latency (root=mul_ln56) to 3 in order to utilize available DSP registers.
INFO: [SCHED 204-61] Pipelining loop 'VITIS_LOOP_20_1'.
INFO: [HLS 200-1470] Pipelining result : Target II = 1, Final II = 1, Depth = 2, loop 'VITIS_LOOP_20_1'
INFO: [SCHED 204-61] Pipelining loop 'VITIS_LOOP_27_3'.
INFO: [HLS 200-1470] Pipelining result : Target II = 2, Final II = 2, Depth = 3, loop 'VITIS_LOOP_27_3'
INFO: [SCHED 204-61] Pipelining loop 'VITIS_LOOP_36_4_VITIS_LOOP_37_5'.
INFO: [HLS 200-1470] Pipelining result : Target II = 2, Final II = 2, Depth = 4, loop 'VITIS_LOOP_36_4_VITIS_LOOP_37_5'
INFO: [SCHED 204-61] Pipelining loop 'VITIS_LOOP_50_6_VITIS_LOOP_51_7'.
INFO: [HLS 200-1470] Pipelining result : Target II = 2, Final II = 2, Depth = 6, loop 'VITIS_LOOP_50_6_VITIS_LOOP_51_7'
INFO: [SCHED 204-11] Finished scheduling.
INFO: [HLS 200-111] Finished Scheduling: CPU user time: 19215.7 seconds. CPU system time: 1.28 seconds. Elapsed time: 19217.1 seconds; current allocated memory: 1.143 GB.
INFO: [BIND 205-100] Starting micro-architecture generation ...
INFO: [BIND 205-101] Performing variable lifetime analysis.
INFO: [BIND 205-101] Exploring resource sharing.
INFO: [BIND 205-101] Binding ...
INFO: [BIND 205-100] Finished micro-architecture generation.
INFO: [HLS 200-111] Finished Binding: CPU user time: 2049.28 seconds. CPU system time: 0.24 seconds. Elapsed time: 2049.63 seconds; current allocated memory: 1.875 GB.
INFO: [HLS 200-10] ----------------------------------------------------------------
INFO: [HLS 200-10] -- Generating RTL for module 'sobel' 
INFO: [HLS 200-10] ----------------------------------------------------------------
INFO: [RTGEN 206-500] Setting interface mode on port 'sobel/src' to 'ap_memory'.
INFO: [RTGEN 206-500] Setting interface mode on port 'sobel/dst' to 'ap_memory'.
INFO: [RTGEN 206-500] Setting interface mode on port 'sobel/rows' to 'ap_none'.
INFO: [RTGEN 206-500] Setting interface mode on port 'sobel/cols' to 'ap_none'.
INFO: [RTGEN 206-500] Setting interface mode on function 'sobel' to 'ap_ctrl_hs'.
WARNING: [RTGEN 206-101] Port 'sobel/rows' has no fanin or fanout and is left dangling.
               Please use C simulation to confirm this function argument can be read from or written to.
WARNING: [RTGEN 206-101] Port 'sobel/cols' has no fanin or fanout and is left dangling.
               Please use C simulation to confirm this function argument can be read from or written to.
INFO: [RTGEN 206-104] Estimated max fanout for 'sobel' is 46110, found 2 HDL expressions with this fanout: ((1'b1 == ap_CS_fsm_state9) & (icmp_ln26_fu_1579151_p2 == 1'd0)), (1'b1 == ap_CS_fsm_state4)
INFO: [RTGEN 206-100] Generating core module 'mul_mul_10ns_12ns_20_4_1': 3 instance(s).
INFO: [RTGEN 206-100] Generating core module 'mux_72010_64_1_1': 1 instance(s).
INFO: [RTGEN 206-100] Finished creating RTL model for 'sobel'.
INFO: [HLS 200-111] Finished Creating RTL model: CPU user time: 4507.22 seconds. CPU system time: 3.71 seconds. Elapsed time: 4511.31 seconds; current allocated memory: 80.504 MB.
INFO: [RTMG 210-278] Implementing memory 'sobel_src_temp_ram (RAM_2P)' using auto RAMs with power-on initialization.
INFO: [RTMG 210-278] Implementing memory 'sobel_src_temp_T_ram (RAM_2P)' using auto RAMs with power-on initialization.
INFO: [HLS 200-111] Finished Generating all RTL models: CPU user time: 1603.36 seconds. CPU system time: 2.97 seconds. Elapsed time: 1606.98 seconds; current allocated memory: 1.360 GB.
INFO: [VHDL 208-304] Generating VHDL RTL for sobel.
INFO: [VLOG 209-307] Generating Verilog RTL for sobel.
INFO: [HLS 200-790] **** Loop Constraint Status: All loop constraints were satisfied.
INFO: [HLS 200-789] **** Estimated Fmax: 137.55 MHz
INFO: [HLS 200-111] Finished Command csynth_design CPU user time: 27602.3 seconds. CPU system time: 9.13 seconds. Elapsed time: 27612.7 seconds; current allocated memory: 1.360 GB.
INFO: [HLS 200-1510] Running: cosim_design 
INFO: [COSIM 212-47] Using XSIM for RTL simulation.
INFO: [COSIM 212-14] Instrumenting C test bench ...
   Build using "/home/lduac/Software/Xilinx/Vitis_HLS/2020.2/tps/lnx64/gcc-6.2.0/bin/g++"
   Compiling apatb_sobel.cpp
   Compiling sobel.cpp_pre.cpp.tb.cpp
   Compiling sobel_test.cpp_pre.cpp.tb.cpp
   Compiling apatb_sobel_ir.ll
   Generating cosim.tv.exe
INFO: [COSIM 212-302] Starting C TB testing ... 
*******************************************
PASS: The output matches the golden output!
*******************************************
INFO: [COSIM 212-333] Generating C post check test bench ...
INFO: [COSIM 212-12] Generating RTL test bench ...
INFO: [COSIM 212-1] *** C/RTL co-simulation file generation completed. ***
INFO: [COSIM 212-323] Starting verilog simulation. 
INFO: [COSIM 212-15] Starting XSIM ...
#: 30; @: -exec xelab xil_defaultlib.apatb_sobel_top glbl -prj sobel.prj -L smartconnect_v1_0 -L axi_protocol_checker_v1_1_12 -L axi_protocol_checker_v1_1_13 -L axis_protocol_checker_v1_1_11 -L axis_protocol_checker_v1_1_12 -L xil_defaultlib -L unisims_ver -L xpm -L floating_point_v7_0_18 -L floating_point_v7_1_11 --lib ieee_proposed=./ieee_proposed -s sobel; 1: -exec RDI_ARGS: 
RDI_PROG=xelab
#: 28; @: xil_defaultlib.apatb_sobel_top glbl -prj sobel.prj -L smartconnect_v1_0 -L axi_protocol_checker_v1_1_12 -L axi_protocol_checker_v1_1_13 -L axis_protocol_checker_v1_1_11 -L axis_protocol_checker_v1_1_12 -L xil_defaultlib -L unisims_ver -L xpm -L floating_point_v7_0_18 -L floating_point_v7_1_11 --lib ieee_proposed=./ieee_proposed -s sobel; 1: xil_defaultlib.apatb_sobel_top RDI_ARGS: 
#: 27; @: glbl -prj sobel.prj -L smartconnect_v1_0 -L axi_protocol_checker_v1_1_12 -L axi_protocol_checker_v1_1_13 -L axis_protocol_checker_v1_1_11 -L axis_protocol_checker_v1_1_12 -L xil_defaultlib -L unisims_ver -L xpm -L floating_point_v7_0_18 -L floating_point_v7_1_11 --lib ieee_proposed=./ieee_proposed -s sobel; 1: glbl RDI_ARGS: xil_defaultlib.apatb_sobel_top
#: 26; @: -prj sobel.prj -L smartconnect_v1_0 -L axi_protocol_checker_v1_1_12 -L axi_protocol_checker_v1_1_13 -L axis_protocol_checker_v1_1_11 -L axis_protocol_checker_v1_1_12 -L xil_defaultlib -L unisims_ver -L xpm -L floating_point_v7_0_18 -L floating_point_v7_1_11 --lib ieee_proposed=./ieee_proposed -s sobel; 1: -prj RDI_ARGS: xil_defaultlib.apatb_sobel_top
#: 25; @: sobel.prj -L smartconnect_v1_0 -L axi_protocol_checker_v1_1_12 -L axi_protocol_checker_v1_1_13 -L axis_protocol_checker_v1_1_11 -L axis_protocol_checker_v1_1_12 -L xil_defaultlib -L unisims_ver -L xpm -L floating_point_v7_0_18 -L floating_point_v7_1_11 --lib ieee_proposed=./ieee_proposed -s sobel; 1: sobel.prj RDI_ARGS: xil_defaultlib.apatb_sobel_top
#: 24; @: -L smartconnect_v1_0 -L axi_protocol_checker_v1_1_12 -L axi_protocol_checker_v1_1_13 -L axis_protocol_checker_v1_1_11 -L axis_protocol_checker_v1_1_12 -L xil_defaultlib -L unisims_ver -L xpm -L floating_point_v7_0_18 -L floating_point_v7_1_11 --lib ieee_proposed=./ieee_proposed -s sobel; 1: -L RDI_ARGS: xil_defaultlib.apatb_sobel_top
#: 23; @: smartconnect_v1_0 -L axi_protocol_checker_v1_1_12 -L axi_protocol_checker_v1_1_13 -L axis_protocol_checker_v1_1_11 -L axis_protocol_checker_v1_1_12 -L xil_defaultlib -L unisims_ver -L xpm -L floating_point_v7_0_18 -L floating_point_v7_1_11 --lib ieee_proposed=./ieee_proposed -s sobel; 1: smartconnect_v1_0 RDI_ARGS: xil_defaultlib.apatb_sobel_top
#: 22; @: -L axi_protocol_checker_v1_1_12 -L axi_protocol_checker_v1_1_13 -L axis_protocol_checker_v1_1_11 -L axis_protocol_checker_v1_1_12 -L xil_defaultlib -L unisims_ver -L xpm -L floating_point_v7_0_18 -L floating_point_v7_1_11 --lib ieee_proposed=./ieee_proposed -s sobel; 1: -L RDI_ARGS: xil_defaultlib.apatb_sobel_top
#: 21; @: axi_protocol_checker_v1_1_12 -L axi_protocol_checker_v1_1_13 -L axis_protocol_checker_v1_1_11 -L axis_protocol_checker_v1_1_12 -L xil_defaultlib -L unisims_ver -L xpm -L floating_point_v7_0_18 -L floating_point_v7_1_11 --lib ieee_proposed=./ieee_proposed -s sobel; 1: axi_protocol_checker_v1_1_12 RDI_ARGS: xil_defaultlib.apatb_sobel_top
#: 20; @: -L axi_protocol_checker_v1_1_13 -L axis_protocol_checker_v1_1_11 -L axis_protocol_checker_v1_1_12 -L xil_defaultlib -L unisims_ver -L xpm -L floating_point_v7_0_18 -L floating_point_v7_1_11 --lib ieee_proposed=./ieee_proposed -s sobel; 1: -L RDI_ARGS: xil_defaultlib.apatb_sobel_top
#: 19; @: axi_protocol_checker_v1_1_13 -L axis_protocol_checker_v1_1_11 -L axis_protocol_checker_v1_1_12 -L xil_defaultlib -L unisims_ver -L xpm -L floating_point_v7_0_18 -L floating_point_v7_1_11 --lib ieee_proposed=./ieee_proposed -s sobel; 1: axi_protocol_checker_v1_1_13 RDI_ARGS: xil_defaultlib.apatb_sobel_top
#: 18; @: -L axis_protocol_checker_v1_1_11 -L axis_protocol_checker_v1_1_12 -L xil_defaultlib -L unisims_ver -L xpm -L floating_point_v7_0_18 -L floating_point_v7_1_11 --lib ieee_proposed=./ieee_proposed -s sobel; 1: -L RDI_ARGS: xil_defaultlib.apatb_sobel_top
#: 17; @: axis_protocol_checker_v1_1_11 -L axis_protocol_checker_v1_1_12 -L xil_defaultlib -L unisims_ver -L xpm -L floating_point_v7_0_18 -L floating_point_v7_1_11 --lib ieee_proposed=./ieee_proposed -s sobel; 1: axis_protocol_checker_v1_1_11 RDI_ARGS: xil_defaultlib.apatb_sobel_top
#: 16; @: -L axis_protocol_checker_v1_1_12 -L xil_defaultlib -L unisims_ver -L xpm -L floating_point_v7_0_18 -L floating_point_v7_1_11 --lib ieee_proposed=./ieee_proposed -s sobel; 1: -L RDI_ARGS: xil_defaultlib.apatb_sobel_top
#: 15; @: axis_protocol_checker_v1_1_12 -L xil_defaultlib -L unisims_ver -L xpm -L floating_point_v7_0_18 -L floating_point_v7_1_11 --lib ieee_proposed=./ieee_proposed -s sobel; 1: axis_protocol_checker_v1_1_12 RDI_ARGS: xil_defaultlib.apatb_sobel_top
#: 14; @: -L xil_defaultlib -L unisims_ver -L xpm -L floating_point_v7_0_18 -L floating_point_v7_1_11 --lib ieee_proposed=./ieee_proposed -s sobel; 1: -L RDI_ARGS: xil_defaultlib.apatb_sobel_top
#: 13; @: xil_defaultlib -L unisims_ver -L xpm -L floating_point_v7_0_18 -L floating_point_v7_1_11 --lib ieee_proposed=./ieee_proposed -s sobel; 1: xil_defaultlib RDI_ARGS: xil_defaultlib.apatb_sobel_top
#: 12; @: -L unisims_ver -L xpm -L floating_point_v7_0_18 -L floating_point_v7_1_11 --lib ieee_proposed=./ieee_proposed -s sobel; 1: -L RDI_ARGS: xil_defaultlib.apatb_sobel_top
#: 11; @: unisims_ver -L xpm -L floating_point_v7_0_18 -L floating_point_v7_1_11 --lib ieee_proposed=./ieee_proposed -s sobel; 1: unisims_ver RDI_ARGS: xil_defaultlib.apatb_sobel_top
#: 10; @: -L xpm -L floating_point_v7_0_18 -L floating_point_v7_1_11 --lib ieee_proposed=./ieee_proposed -s sobel; 1: -L RDI_ARGS: xil_defaultlib.apatb_sobel_top
#: 9; @: xpm -L floating_point_v7_0_18 -L floating_point_v7_1_11 --lib ieee_proposed=./ieee_proposed -s sobel; 1: xpm RDI_ARGS: xil_defaultlib.apatb_sobel_top
#: 8; @: -L floating_point_v7_0_18 -L floating_point_v7_1_11 --lib ieee_proposed=./ieee_proposed -s sobel; 1: -L RDI_ARGS: xil_defaultlib.apatb_sobel_top
#: 7; @: floating_point_v7_0_18 -L floating_point_v7_1_11 --lib ieee_proposed=./ieee_proposed -s sobel; 1: floating_point_v7_0_18 RDI_ARGS: xil_defaultlib.apatb_sobel_top
#: 6; @: -L floating_point_v7_1_11 --lib ieee_proposed=./ieee_proposed -s sobel; 1: -L RDI_ARGS: xil_defaultlib.apatb_sobel_top
#: 5; @: floating_point_v7_1_11 --lib ieee_proposed=./ieee_proposed -s sobel; 1: floating_point_v7_1_11 RDI_ARGS: xil_defaultlib.apatb_sobel_top
#: 4; @: --lib ieee_proposed=./ieee_proposed -s sobel; 1: --lib RDI_ARGS: xil_defaultlib.apatb_sobel_top
#: 3; @: ieee_proposed=./ieee_proposed -s sobel; 1: ieee_proposed=./ieee_proposed RDI_ARGS: xil_defaultlib.apatb_sobel_top
#: 2; @: -s sobel; 1: -s RDI_ARGS: xil_defaultlib.apatb_sobel_top
#: 1; @: sobel; 1: sobel RDI_ARGS: xil_defaultlib.apatb_sobel_top
Final RDI_ARGS: xil_defaultlib.apatb_sobel_top
RDI_JAVAROOT: /home/lduac/Software/Xilinx/Vivado/2020.2/tps/lnx64/jre11.0.2
RDI_DATADIR: /home/lduac/Software/Xilinx/Vivado/2020.2/data
RDI_LIBDIR: /home/lduac/Software/Xilinx/Vivado/2020.2/lib/lnx64.o/Ubuntu:/home/lduac/Software/Xilinx/Vivado/2020.2/lib/lnx64.o
RDI_BINDIR: /home/lduac/Software/Xilinx/Vivado/2020.2/bin
LD_LIBRARY_PATH: /home/lduac/Software/Xilinx/Vitis_HLS/2020.2/lib/lnx64.o/Ubuntu:/home/lduac/Software/Xilinx/Vitis_HLS/2020.2/lnx64/tools/dds_v6_0:/home/lduac/Software/Xilinx/Vitis_HLS/2020.2/lnx64/tools/fir_v7_0:/home/lduac/Software/Xilinx/Vitis_HLS/2020.2/lnx64/tools/fft_v9_1:/home/lduac/Software/Xilinx/Vitis_HLS/2020.2/lnx64/tools/fpo_v7_0:/home/lduac/Software/Xilinx/Vitis_HLS/2020.2/lib/lnx64.o/Ubuntu:/home/lduac/Software/Xilinx/Vitis_HLS/2020.2/lnx64/tools/dds_v6_0:/home/lduac/Software/Xilinx/Vitis_HLS/2020.2/lnx64/tools/fir_v7_0:/home/lduac/Software/Xilinx/Vitis_HLS/2020.2/lnx64/tools/fft_v9_1:/home/lduac/Software/Xilinx/Vitis_HLS/2020.2/lnx64/tools/fpo_v7_0:/usr/lib/x86_64-linux-gnu:/home/lduac/Software/Xilinx/Vitis_HLS/2020.2/lnx64/tools/gdb_v7_2:/home/lduac/Software/Xilinx/Vitis_HLS/2020.2/tps/lnx64/dot-2.28/lib:/home/lduac/Software/Xilinx/Vitis_HLS/2020.2/lnx64/bin:/home/lduac/Software/Xilinx/Vitis_HLS/2020.2/lib/lnx64.o/Ubuntu:/home/lduac/Software/Xilinx/Vitis_HLS/2020.2/lib/lnx64.o:/home/lduac/Software/Xilinx/Vitis_HLS/2020.2/tps/lnx64/jre11.0.2/lib/:/home/lduac/Software/Xilinx/Vitis_HLS/2020.2/tps/lnx64/jre11.0.2/lib//server:/usr/local/cuda/lib64:/usr/local/cuda/extras/CUPTI/lib64:/home/lduac/Software/Xilinx/Vitis_HLS/2020.2/bin/../lnx64/tools/dot/lib:/home/lduac/Software/Xilinx/Vitis_HLS/2020.2/lnx64/tools/fpo_v7_0:/home/lduac/Software/Xilinx/Vitis_HLS/2020.2/lnx64/tools/fft_v9_1:/home/lduac/Software/Xilinx/Vitis_HLS/2020.2/lnx64/tools/fir_v7_0:/home/lduac/Software/Xilinx/Vitis_HLS/2020.2/lnx64/tools/dds_v6_0:/home/lduac/Software/Xilinx/Vitis_HLS/2020.2/lnx64/lib/csim:/home/lduac/Software/Xilinx/Vitis_HLS/2020.2/lnx64/tools/fpo_v6_1:/home/lduac/Software/Xilinx/Vitis_HLS/2020.2/lnx64/tools/fft_v9_1:/home/lduac/Software/Xilinx/Vitis_HLS/2020.2/lnx64/tools/fir_v7_0:/home/lduac/Software/Xilinx/Vitis_HLS/2020.2/lnx64/tools/dds_v6_0:/usr/lib/x86_64-linux-gnu:/home/lduac/Software/Xilinx/Vitis_HLS/2020.2/lnx64/csim:/usr/lib/x86_64-linux-gnu:/usr/lib/x86_64-linux-gnu:/home/lduac/Software/Xilinx/Vivado/2020.2/bin/../lnx64/tools/dot/lib
:xil_defaultlib.apatb_sobel_top glbl -prj sobel.prj -L smartconnect_v1_0 -L axi_protocol_checker_v1_1_12 -L axi_protocol_checker_v1_1_13 -L axis_protocol_checker_v1_1_11 -L axis_protocol_checker_v1_1_12 -L xil_defaultlib -L unisims_ver -L xpm -L floating_point_v7_0_18 -L floating_point_v7_1_11 --lib ieee_proposed=./ieee_proposed -s sobel
@: xil_defaultlib.apatb_sobel_top glbl -prj sobel.prj -L smartconnect_v1_0 -L axi_protocol_checker_v1_1_12 -L axi_protocol_checker_v1_1_13 -L axis_protocol_checker_v1_1_11 -L axis_protocol_checker_v1_1_12 -L xil_defaultlib -L unisims_ver -L xpm -L floating_point_v7_0_18 -L floating_point_v7_1_11 --lib ieee_proposed=./ieee_proposed -s sobel
Vivado Simulator 2020.2
Copyright 1986-1999, 2001-2020 Xilinx, Inc. All Rights Reserved.
Running: /home/lduac/Software/Xilinx/Vivado/2020.2/bin/unwrapped/lnx64.o/xelab xil_defaultlib.apatb_sobel_top glbl -prj sobel.prj -L smartconnect_v1_0 -L axi_protocol_checker_v1_1_12 -L axi_protocol_checker_v1_1_13 -L axis_protocol_checker_v1_1_11 -L axis_protocol_checker_v1_1_12 -L xil_defaultlib -L unisims_ver -L xpm -L floating_point_v7_0_18 -L floating_point_v7_1_11 --lib ieee_proposed=./ieee_proposed -s sobel 
Multi-threading is on. Using 30 slave threads.
WARNING: [XSIM 43-3431] One or more environment variables have been detected which affect the operation of the C compiler. These are typically not set in standard installations and are not tested by Xilinx, however they may be appropriate for your system, so the flow will attempt to continue.  If errors occur, try running xelab with the "-mt off -v 1" switches to see more information from the C compiler. The following environment variables have been detected:
    LIBRARY_PATH
INFO: [VRFC 10-2263] Analyzing SystemVerilog file "/home/lduac/Projects/CCC-Pragma_OK/problems/sobel2/sobel/solution1/sim/verilog/glbl.v" into library work
INFO: [VRFC 10-311] analyzing module glbl
INFO: [VRFC 10-2263] Analyzing SystemVerilog file "/home/lduac/Projects/CCC-Pragma_OK/problems/sobel2/sobel/solution1/sim/verilog/sobel_src_temp_T.v" into library xil_defaultlib
INFO: [VRFC 10-311] analyzing module sobel_src_temp_T_ram
INFO: [VRFC 10-311] analyzing module sobel_src_temp_T
INFO: [VRFC 10-2263] Analyzing SystemVerilog file "/home/lduac/Projects/CCC-Pragma_OK/problems/sobel2/sobel/solution1/sim/verilog/sobel_mux_72010_64_1_1.v" into library xil_defaultlib
INFO: [VRFC 10-311] analyzing module sobel_mux_72010_64_1_1
INFO: [VRFC 10-2263] Analyzing SystemVerilog file "/home/lduac/Projects/CCC-Pragma_OK/problems/sobel2/sobel/solution1/sim/verilog/sobel_src_temp.v" into library xil_defaultlib
INFO: [VRFC 10-311] analyzing module sobel_src_temp_ram
INFO: [VRFC 10-311] analyzing module sobel_src_temp
INFO: [VRFC 10-2263] Analyzing SystemVerilog file "/home/lduac/Projects/CCC-Pragma_OK/problems/sobel2/sobel/solution1/sim/verilog/AESL_automem_src.v" into library xil_defaultlib
INFO: [VRFC 10-311] analyzing module AESL_automem_src
INFO: [VRFC 10-2263] Analyzing SystemVerilog file "/home/lduac/Projects/CCC-Pragma_OK/problems/sobel2/sobel/solution1/sim/verilog/AESL_automem_dst.v" into library xil_defaultlib
INFO: [VRFC 10-311] analyzing module AESL_automem_dst
INFO: [VRFC 10-2263] Analyzing SystemVerilog file "/home/lduac/Projects/CCC-Pragma_OK/problems/sobel2/sobel/solution1/sim/verilog/sobel.autotb.v" into library xil_defaultlib
INFO: [VRFC 10-311] analyzing module apatb_sobel_top
INFO: [VRFC 10-2263] Analyzing SystemVerilog file "/home/lduac/Projects/CCC-Pragma_OK/problems/sobel2/sobel/solution1/sim/verilog/sobel_mul_mul_10ns_12ns_20_4_1.v" into library xil_defaultlib
INFO: [VRFC 10-311] analyzing module sobel_mul_mul_10ns_12ns_20_4_1_DSP48_0
INFO: [VRFC 10-311] analyzing module sobel_mul_mul_10ns_12ns_20_4_1
INFO: [VRFC 10-2263] Analyzing SystemVerilog file "/home/lduac/Projects/CCC-Pragma_OK/problems/sobel2/sobel/solution1/sim/verilog/sobel.v" into library xil_defaultlib
INFO: [VRFC 10-311] analyzing module sobel
INFO: [VRFC 10-2263] Analyzing SystemVerilog file "/home/lduac/Projects/CCC-Pragma_OK/problems/sobel2/sobel/solution1/sim/verilog/sample_manager.sv" into library xil_defaultlib
INFO: [VRFC 10-2263] Analyzing SystemVerilog file "/home/lduac/Projects/CCC-Pragma_OK/problems/sobel2/sobel/solution1/sim/verilog/df_process_monitor.sv" into library xil_defaultlib
INFO: [VRFC 10-2263] Analyzing SystemVerilog file "/home/lduac/Projects/CCC-Pragma_OK/problems/sobel2/sobel/solution1/sim/verilog/df_process_interface.sv" into library xil_defaultlib
WARNING: [VRFC 10-3609] overwriting previous definition of interface 'df_process_intf' [/home/lduac/Projects/CCC-Pragma_OK/problems/sobel2/sobel/solution1/sim/verilog/df_process_interface.sv:4]
INFO: [VRFC 10-2263] Analyzing SystemVerilog file "/home/lduac/Projects/CCC-Pragma_OK/problems/sobel2/sobel/solution1/sim/verilog/df_fifo_interface.sv" into library xil_defaultlib
INFO: [VRFC 10-2263] Analyzing SystemVerilog file "/home/lduac/Projects/CCC-Pragma_OK/problems/sobel2/sobel/solution1/sim/verilog/dump_file_agent.sv" into library xil_defaultlib
INFO: [VRFC 10-2263] Analyzing SystemVerilog file "/home/lduac/Projects/CCC-Pragma_OK/problems/sobel2/sobel/solution1/sim/verilog/dataflow_monitor.sv" into library xil_defaultlib
WARNING: [VRFC 10-3609] overwriting previous definition of interface 'df_fifo_intf' [df_fifo_interface.sv:4]
WARNING: [VRFC 10-3609] overwriting previous definition of interface 'df_process_intf' [/home/lduac/Projects/CCC-Pragma_OK/problems/sobel2/sobel/solution1/sim/verilog/df_process_interface.sv:4]
INFO: [VRFC 10-311] analyzing module dataflow_monitor
INFO: [VRFC 10-2263] Analyzing SystemVerilog file "/home/lduac/Projects/CCC-Pragma_OK/problems/sobel2/sobel/solution1/sim/verilog/df_fifo_monitor.sv" into library xil_defaultlib
WARNING: [VRFC 10-3609] overwriting previous definition of interface 'df_fifo_intf' [df_fifo_interface.sv:4]
INFO: [VRFC 10-2263] Analyzing SystemVerilog file "/home/lduac/Projects/CCC-Pragma_OK/problems/sobel2/sobel/solution1/sim/verilog/csv_file_dump.sv" into library xil_defaultlib
INFO: [VRFC 10-2263] Analyzing SystemVerilog file "/home/lduac/Projects/CCC-Pragma_OK/problems/sobel2/sobel/solution1/sim/verilog/sample_agent.sv" into library xil_defaultlib
INFO: [VRFC 10-2263] Analyzing SystemVerilog file "/home/lduac/Projects/CCC-Pragma_OK/problems/sobel2/sobel/solution1/sim/verilog/nodf_module_interface.sv" into library xil_defaultlib
WARNING: [VRFC 10-3609] overwriting previous definition of interface 'nodf_module_intf' [/home/lduac/Projects/CCC-Pragma_OK/problems/sobel2/sobel/solution1/sim/verilog/nodf_module_interface.sv:4]
INFO: [VRFC 10-2263] Analyzing SystemVerilog file "/home/lduac/Projects/CCC-Pragma_OK/problems/sobel2/sobel/solution1/sim/verilog/nodf_module_monitor.sv" into library xil_defaultlib
WARNING: [VRFC 10-3609] overwriting previous definition of interface 'nodf_module_intf' [/home/lduac/Projects/CCC-Pragma_OK/problems/sobel2/sobel/solution1/sim/verilog/nodf_module_interface.sv:4]
Starting static elaboration
Pass Through NonSizing Optimizer
Completed static elaboration
Starting simulation data flow analysis
Completed simulation data flow analysis
Time Resolution for simulation is 1ps
Compiling package xil_defaultlib.$unit_dataflow_monitor_sv
Compiling module xil_defaultlib.sobel_src_temp_ram
Compiling module xil_defaultlib.sobel_src_temp(DataWidth=48,Addr...
Compiling module xil_defaultlib.sobel_src_temp_T_ram
Compiling module xil_defaultlib.sobel_src_temp_T(DataWidth=48,Ad...
Compiling module xil_defaultlib.sobel_mux_72010_64_1_1(ID=1,din0...
Compiling module xil_defaultlib.sobel_mul_mul_10ns_12ns_20_4_1_D...
Compiling module xil_defaultlib.sobel_mul_mul_10ns_12ns_20_4_1(I...
Compiling module xil_defaultlib.sobel
Compiling module xil_defaultlib.AESL_automem_src
Compiling module xil_defaultlib.AESL_automem_dst
Compiling module xil_defaultlib.nodf_module_intf
Compiling module xil_defaultlib.dataflow_monitor_1
Compiling module xil_defaultlib.apatb_sobel_top
Compiling module work.glbl
Built simulation snapshot sobel
#: 7; @: -exec wbtcv -mode batch -source /home/lduac/Projects/CCC-Pragma_OK/problems/sobel2/sobel/solution1/sim/verilog/xsim.dir/sobel/webtalk/xsim_webtalk.tcl -notrace; 1: -exec RDI_ARGS: 
RDI_PROG=wbtcv
#: 5; @: -mode batch -source /home/lduac/Projects/CCC-Pragma_OK/problems/sobel2/sobel/solution1/sim/verilog/xsim.dir/sobel/webtalk/xsim_webtalk.tcl -notrace; 1: -mode RDI_ARGS: 
#: 4; @: batch -source /home/lduac/Projects/CCC-Pragma_OK/problems/sobel2/sobel/solution1/sim/verilog/xsim.dir/sobel/webtalk/xsim_webtalk.tcl -notrace; 1: batch RDI_ARGS: -mode
#: 3; @: -source /home/lduac/Projects/CCC-Pragma_OK/problems/sobel2/sobel/solution1/sim/verilog/xsim.dir/sobel/webtalk/xsim_webtalk.tcl -notrace; 1: -source RDI_ARGS: -mode
#: 2; @: /home/lduac/Projects/CCC-Pragma_OK/problems/sobel2/sobel/solution1/sim/verilog/xsim.dir/sobel/webtalk/xsim_webtalk.tcl -notrace; 1: /home/lduac/Projects/CCC-Pragma_OK/problems/sobel2/sobel/solution1/sim/verilog/xsim.dir/sobel/webtalk/xsim_webtalk.tcl RDI_ARGS: -mode
#: 1; @: -notrace; 1: -notrace RDI_ARGS: -mode
Final RDI_ARGS: -mode
RDI_JAVAROOT: /home/lduac/Software/Xilinx/Vivado/2020.2/tps/lnx64/jre11.0.2
RDI_DATADIR: /home/lduac/Software/Xilinx/Vivado/2020.2/data
RDI_LIBDIR: /home/lduac/Software/Xilinx/Vivado/2020.2/lib/lnx64.o/Ubuntu:/home/lduac/Software/Xilinx/Vivado/2020.2/lib/lnx64.o
RDI_BINDIR: /home/lduac/Software/Xilinx/Vivado/2020.2/bin
LD_LIBRARY_PATH: /home/lduac/Software/Xilinx/Vivado/2020.2/tps/lnx64/javafx-sdk-11.0.2/lib:/home/lduac/Software/Xilinx/Vivado/2020.2/lib/lnx64.o/Ubuntu:/home/lduac/Software/Xilinx/Vivado/2020.2/lib/lnx64.o:/home/lduac/Software/Xilinx/Vivado/2020.2/tps/lnx64/jre11.0.2/lib/:/home/lduac/Software/Xilinx/Vivado/2020.2/tps/lnx64/jre11.0.2/lib//server:/home/lduac/Software/Xilinx/Vitis_HLS/2020.2/lib/lnx64.o/Ubuntu:/home/lduac/Software/Xilinx/Vitis_HLS/2020.2/lnx64/tools/dds_v6_0:/home/lduac/Software/Xilinx/Vitis_HLS/2020.2/lnx64/tools/fir_v7_0:/home/lduac/Software/Xilinx/Vitis_HLS/2020.2/lnx64/tools/fft_v9_1:/home/lduac/Software/Xilinx/Vitis_HLS/2020.2/lnx64/tools/fpo_v7_0:/home/lduac/Software/Xilinx/Vitis_HLS/2020.2/lib/lnx64.o/Ubuntu:/home/lduac/Software/Xilinx/Vitis_HLS/2020.2/lnx64/tools/dds_v6_0:/home/lduac/Software/Xilinx/Vitis_HLS/2020.2/lnx64/tools/fir_v7_0:/home/lduac/Software/Xilinx/Vitis_HLS/2020.2/lnx64/tools/fft_v9_1:/home/lduac/Software/Xilinx/Vitis_HLS/2020.2/lnx64/tools/fpo_v7_0:/usr/lib/x86_64-linux-gnu:/home/lduac/Software/Xilinx/Vitis_HLS/2020.2/lnx64/tools/gdb_v7_2:/home/lduac/Software/Xilinx/Vitis_HLS/2020.2/tps/lnx64/dot-2.28/lib:/home/lduac/Software/Xilinx/Vitis_HLS/2020.2/lnx64/bin:/home/lduac/Software/Xilinx/Vitis_HLS/2020.2/lib/lnx64.o/Ubuntu:/home/lduac/Software/Xilinx/Vitis_HLS/2020.2/lib/lnx64.o:/home/lduac/Software/Xilinx/Vitis_HLS/2020.2/tps/lnx64/jre11.0.2/lib/:/home/lduac/Software/Xilinx/Vitis_HLS/2020.2/tps/lnx64/jre11.0.2/lib//server:/usr/local/cuda/lib64:/usr/local/cuda/extras/CUPTI/lib64:/home/lduac/Software/Xilinx/Vitis_HLS/2020.2/bin/../lnx64/tools/dot/lib:/home/lduac/Software/Xilinx/Vitis_HLS/2020.2/lnx64/tools/fpo_v7_0:/home/lduac/Software/Xilinx/Vitis_HLS/2020.2/lnx64/tools/fft_v9_1:/home/lduac/Software/Xilinx/Vitis_HLS/2020.2/lnx64/tools/fir_v7_0:/home/lduac/Software/Xilinx/Vitis_HLS/2020.2/lnx64/tools/dds_v6_0:/home/lduac/Software/Xilinx/Vitis_HLS/2020.2/lnx64/lib/csim:/home/lduac/Software/Xilinx/Vitis_HLS/2020.2/lnx64/tools/fpo_v6_1:/home/lduac/Software/Xilinx/Vitis_HLS/2020.2/lnx64/tools/fft_v9_1:/home/lduac/Software/Xilinx/Vitis_HLS/2020.2/lnx64/tools/fir_v7_0:/home/lduac/Software/Xilinx/Vitis_HLS/2020.2/lnx64/tools/dds_v6_0:/usr/lib/x86_64-linux-gnu:/home/lduac/Software/Xilinx/Vitis_HLS/2020.2/lnx64/csim:/usr/lib/x86_64-linux-gnu:/usr/lib/x86_64-linux-gnu:/home/lduac/Software/Xilinx/Vivado/2020.2/bin/../lnx64/tools/dot/lib:/home/lduac/Software/Xilinx/Vivado/2020.2/bin/../lnx64/tools/dot/lib
:-mode batch -source /home/lduac/Projects/CCC-Pragma_OK/problems/sobel2/sobel/solution1/sim/verilog/xsim.dir/sobel/webtalk/xsim_webtalk.tcl -notrace
@: -mode batch -source /home/lduac/Projects/CCC-Pragma_OK/problems/sobel2/sobel/solution1/sim/verilog/xsim.dir/sobel/webtalk/xsim_webtalk.tcl -notrace

****** Webtalk v2020.2 (64-bit)
  **** SW Build 3064766 on Wed Nov 18 09:12:47 MST 2020
  **** IP Build 3064653 on Wed Nov 18 14:17:31 MST 2020
    ** Copyright 1986-2020 Xilinx, Inc. All Rights Reserved.

source /home/lduac/Projects/CCC-Pragma_OK/problems/sobel2/sobel/solution1/sim/verilog/xsim.dir/sobel/webtalk/xsim_webtalk.tcl -notrace
INFO: [Common 17-206] Exiting Webtalk at Sun May 30 18:10:08 2021...
#: 6; @: -exec xsim --noieeewarnings sobel -tclbatch sobel.tcl; 1: -exec RDI_ARGS: 
RDI_PROG=xsim
#: 4; @: --noieeewarnings sobel -tclbatch sobel.tcl; 1: --noieeewarnings RDI_ARGS: 
#: 3; @: sobel -tclbatch sobel.tcl; 1: sobel RDI_ARGS: --noieeewarnings
#: 2; @: -tclbatch sobel.tcl; 1: -tclbatch RDI_ARGS: --noieeewarnings
#: 1; @: sobel.tcl; 1: sobel.tcl RDI_ARGS: --noieeewarnings
Final RDI_ARGS: --noieeewarnings
RDI_JAVAROOT: /home/lduac/Software/Xilinx/Vivado/2020.2/tps/lnx64/jre11.0.2
RDI_DATADIR: /home/lduac/Software/Xilinx/Vivado/2020.2/data
RDI_LIBDIR: /home/lduac/Software/Xilinx/Vivado/2020.2/lib/lnx64.o/Ubuntu:/home/lduac/Software/Xilinx/Vivado/2020.2/lib/lnx64.o
RDI_BINDIR: /home/lduac/Software/Xilinx/Vivado/2020.2/bin
LD_LIBRARY_PATH: /home/lduac/Software/Xilinx/Vitis_HLS/2020.2/lib/lnx64.o/Ubuntu:/home/lduac/Software/Xilinx/Vitis_HLS/2020.2/lnx64/tools/dds_v6_0:/home/lduac/Software/Xilinx/Vitis_HLS/2020.2/lnx64/tools/fir_v7_0:/home/lduac/Software/Xilinx/Vitis_HLS/2020.2/lnx64/tools/fft_v9_1:/home/lduac/Software/Xilinx/Vitis_HLS/2020.2/lnx64/tools/fpo_v7_0:/home/lduac/Software/Xilinx/Vitis_HLS/2020.2/lib/lnx64.o/Ubuntu:/home/lduac/Software/Xilinx/Vitis_HLS/2020.2/lnx64/tools/dds_v6_0:/home/lduac/Software/Xilinx/Vitis_HLS/2020.2/lnx64/tools/fir_v7_0:/home/lduac/Software/Xilinx/Vitis_HLS/2020.2/lnx64/tools/fft_v9_1:/home/lduac/Software/Xilinx/Vitis_HLS/2020.2/lnx64/tools/fpo_v7_0:/usr/lib/x86_64-linux-gnu:/home/lduac/Software/Xilinx/Vitis_HLS/2020.2/lnx64/tools/gdb_v7_2:/home/lduac/Software/Xilinx/Vitis_HLS/2020.2/tps/lnx64/dot-2.28/lib:/home/lduac/Software/Xilinx/Vitis_HLS/2020.2/lnx64/bin:/home/lduac/Software/Xilinx/Vitis_HLS/2020.2/lib/lnx64.o/Ubuntu:/home/lduac/Software/Xilinx/Vitis_HLS/2020.2/lib/lnx64.o:/home/lduac/Software/Xilinx/Vitis_HLS/2020.2/tps/lnx64/jre11.0.2/lib/:/home/lduac/Software/Xilinx/Vitis_HLS/2020.2/tps/lnx64/jre11.0.2/lib//server:/usr/local/cuda/lib64:/usr/local/cuda/extras/CUPTI/lib64:/home/lduac/Software/Xilinx/Vitis_HLS/2020.2/bin/../lnx64/tools/dot/lib:/home/lduac/Software/Xilinx/Vitis_HLS/2020.2/lnx64/tools/fpo_v7_0:/home/lduac/Software/Xilinx/Vitis_HLS/2020.2/lnx64/tools/fft_v9_1:/home/lduac/Software/Xilinx/Vitis_HLS/2020.2/lnx64/tools/fir_v7_0:/home/lduac/Software/Xilinx/Vitis_HLS/2020.2/lnx64/tools/dds_v6_0:/home/lduac/Software/Xilinx/Vitis_HLS/2020.2/lnx64/lib/csim:/home/lduac/Software/Xilinx/Vitis_HLS/2020.2/lnx64/tools/fpo_v6_1:/home/lduac/Software/Xilinx/Vitis_HLS/2020.2/lnx64/tools/fft_v9_1:/home/lduac/Software/Xilinx/Vitis_HLS/2020.2/lnx64/tools/fir_v7_0:/home/lduac/Software/Xilinx/Vitis_HLS/2020.2/lnx64/tools/dds_v6_0:/usr/lib/x86_64-linux-gnu:/home/lduac/Software/Xilinx/Vitis_HLS/2020.2/lnx64/csim:/usr/lib/x86_64-linux-gnu:/usr/lib/x86_64-linux-gnu:/home/lduac/Software/Xilinx/Vivado/2020.2/bin/../lnx64/tools/dot/lib
:--noieeewarnings sobel -tclbatch sobel.tcl
@: --noieeewarnings sobel -tclbatch sobel.tcl

****** xsim v2020.2 (64-bit)
  **** SW Build 3064766 on Wed Nov 18 09:12:47 MST 2020
  **** IP Build 3064653 on Wed Nov 18 14:17:31 MST 2020
    ** Copyright 1986-2020 Xilinx, Inc. All Rights Reserved.

source xsim.dir/sobel/xsim_script.tcl
# xsim {sobel} -autoloadwcfg -tclbatch {sobel.tcl}
Vivado Simulator 2020.2
Time resolution is 1 ps
source sobel.tcl
## run all
////////////////////////////////////////////////////////////////////////////////////
// Inter-Transaction Progress: Completed Transaction / Total Transaction
// Intra-Transaction Progress: Measured Latency / Latency Estimation * 100%
//
// RTL Simulation : "Inter-Transaction Progress" ["Intra-Transaction Progress"] @ "Simulation Time"
////////////////////////////////////////////////////////////////////////////////////
// RTL Simulation : 0 / 1 [0.00%] @ "125000"
