

================================================================
== Vitis HLS Report for 'crop_upper'
================================================================
* Date:           Sat Jun 12 14:59:14 2021

* Version:        2020.2 (Build 3064766 on Wed Nov 18 09:12:47 MST 2020)
* Project:        sobel
* Solution:       solution1 (Vivado IP Flow Target)
* Product family: virtexuplus
* Target device:  xcu50-fsvh2104-2-e


================================================================
== Performance Estimates
================================================================
+ Timing: 
    * Summary: 
    +--------+----------+----------+------------+
    |  Clock |  Target  | Estimated| Uncertainty|
    +--------+----------+----------+------------+
    |ap_clk  |  10.00 ns|  0.303 ns|     2.70 ns|
    +--------+----------+----------+------------+

+ Latency: 
    * Summary: 
    +---------+---------+----------+----------+-----+-----+---------+
    |  Latency (cycles) |  Latency (absolute) |  Interval | Pipeline|
    |   min   |   max   |    min   |    max   | min | max |   Type  |
    +---------+---------+----------+----------+-----+-----+---------+
    |        0|        0|      0 ns|      0 ns|    1|    1|      yes|
    +---------+---------+----------+----------+-----+-----+---------+

    + Detail: 
        * Instance: 
        N/A

        * Loop: 
        N/A



================================================================
== Utilization Estimates
================================================================
* Summary: 
+---------------------+---------+------+---------+--------+-----+
|         Name        | BRAM_18K|  DSP |    FF   |   LUT  | URAM|
+---------------------+---------+------+---------+--------+-----+
|DSP                  |        -|     -|        -|       -|    -|
|Expression           |        -|     -|        0|       9|    -|
|FIFO                 |        -|     -|        -|       -|    -|
|Instance             |        -|     -|        -|       -|    -|
|Memory               |        -|     -|        -|       -|    -|
|Multiplexer          |        -|     -|        -|       -|    -|
|Register             |        -|     -|        -|       -|    -|
+---------------------+---------+------+---------+--------+-----+
|Total                |        0|     0|        0|       9|    0|
+---------------------+---------+------+---------+--------+-----+
|Available SLR        |     1344|  2976|   871680|  435840|  320|
+---------------------+---------+------+---------+--------+-----+
|Utilization SLR (%)  |        0|     0|        0|      ~0|    0|
+---------------------+---------+------+---------+--------+-----+
|Available            |     2688|  5952|  1743360|  871680|  640|
+---------------------+---------+------+---------+--------+-----+
|Utilization (%)      |        0|     0|        0|      ~0|    0|
+---------------------+---------+------+---------+--------+-----+

+ Detail: 
    * Instance: 
    N/A

    * DSP: 
    N/A

    * Memory: 
    N/A

    * FIFO: 
    N/A

    * Expression: 
    +--------------+----------+----+---+----+------------+------------+
    | Variable Name| Operation| DSP| FF| LUT| Bitwidth P0| Bitwidth P1|
    +--------------+----------+----+---+----+------------+------------+
    |ap_return     |    select|   0|  0|   9|           1|           8|
    +--------------+----------+----+---+----+------------+------------+
    |Total         |          |   0|  0|   9|           1|           8|
    +--------------+----------+----+---+----+------------+------------+

    * Multiplexer: 
    N/A

    * Register: 
    N/A



================================================================
== Interface
================================================================
* Summary: 
+-----------+-----+-----+------------+--------------+--------------+
| RTL Ports | Dir | Bits|  Protocol  | Source Object|    C Type    |
+-----------+-----+-----+------------+--------------+--------------+
|ap_ready   |  out|    1|  ap_ctrl_hs|    crop_upper|  return value|
|ap_return  |  out|    9|  ap_ctrl_hs|    crop_upper|  return value|
|in_r       |   in|    9|     ap_none|          in_r|        scalar|
+-----------+-----+-----+------------+--------------+--------------+

============================================================
+ Verbose Summary: Synthesis Manager
============================================================
InlineROM: 1
ExposeGlobal: 0
============================================================
+ Verbose Summary: CDFG Model
============================================================
IsTopModel: 0
ResetActiveHigh: 1
IsCombinational: 1
IsDatapathOnly: 2
HasWiredReturn: 1
HasMFsm: 2
HasVarLatency: 0
IsPipeline: 1
IsRtlPipelined: 0
IsInstanceOverlapped: 0
IsDontTouch: 0
HasImplIP: 0
IsGatedGlobalClock: 0

+ Individual pipeline summary: 
  * Pipeline-0: initiation interval (II) = 1, depth = 1


============================================================
+ Verbose Summary: Schedule
============================================================
* Number of FSM states : 1
* Pipeline : 1
  Pipeline-0 : II = 1, D = 1, States = { 1 }
* Dataflow Pipeline: 0

* FSM state transitions: 
1 --> 

* FSM state operations: 

State 1 <SV = 0> <Delay = 0.30>
ST_1 : Operation 2 [1/1] (0.00ns)   --->   "%in_read = read i9 @_ssdm_op_Read.ap_auto.i9, i9 %in_r" [sobel.cpp:40]   --->   Operation 2 'read' 'in_read' <Predicate = true> <Delay = 0.00>
ST_1 : Operation 3 [1/1] (0.00ns)   --->   "%tmp = bitselect i1 @_ssdm_op_BitSelect.i1.i9.i32, i9 %in_read, i32 8" [sobel.cpp:43]   --->   Operation 3 'bitselect' 'tmp' <Predicate = true> <Delay = 0.00>
ST_1 : Operation 4 [1/1] (0.30ns)   --->   "%out = select i1 %tmp, i9 255, i9 %in_read" [sobel.cpp:43]   --->   Operation 4 'select' 'out' <Predicate = true> <Delay = 0.30> <CoreInst = "Sel">   --->   Core 73 'Sel' <Latency = 0> <II = 1> <Delay = 0.30> <FuncUnit> <Opcode : 'select'> <InPorts = 3> <OutPorts = 1>
ST_1 : Operation 5 [1/1] (0.00ns)   --->   "%ret_ln44 = ret i9 %out" [sobel.cpp:44]   --->   Operation 5 'ret' 'ret_ln44' <Predicate = true> <Delay = 0.00>


============================================================
+ Verbose Summary: Binding
============================================================
STG Binding: 
---------------- STG Properties BEGIN ----------------
- Is combinational: 1
- Is one-state seq: 0
- Is datapath-only: 0
- Is pipelined: 1
- Is top level: 0
Port [ Return ] is wired: 1; IO mode=ap_ctrl_hs:ce=0
Port [ in_r]:  wired=1; compound=0; hidden=0; nouse=0; global=0; static=0; extern=0; dir=0; type=0; pingpong=0; private_global=0; IO mode=ap_none:ce=0
---------------- STG Properties END ------------------

---------------- Datapath Model BEGIN ----------------

<LifeTime>
<method=bitvector/>
in_read  (read     ) [ 00]
tmp      (bitselect) [ 00]
out      (select   ) [ 00]
ret_ln44 (ret      ) [ 00]
</LifeTime>

<model>

<comp_list>
<comp id="0" class="1000" name="in_r">
<pin_list>
<pin id="1" dir="1" index="0" bw="1" slack="0"/>
</pin_list>
<bind>
<StgValue><ssdm name="in_r"/></StgValue>
</bind>
</comp>

<comp id="2" class="1001" name="const_2">
<pin_list>
<pin id="3" dir="1" index="0" bw="1" slack="0"/>
</pin_list>
<bind>
<StgValue><ssdm name="_ssdm_op_Read.ap_auto.i9"/></StgValue>
</bind>
</comp>

<comp id="4" class="1001" name="const_4">
<pin_list>
<pin id="5" dir="1" index="0" bw="1" slack="0"/>
</pin_list>
<bind>
<StgValue><ssdm name="_ssdm_op_BitSelect.i1.i9.i32"/></StgValue>
</bind>
</comp>

<comp id="6" class="1001" name="const_6">
<pin_list>
<pin id="7" dir="1" index="0" bw="1" slack="0"/>
</pin_list>
<bind>
<StgValue><ssdm name=""/></StgValue>
</bind>
</comp>

<comp id="8" class="1001" name="const_8">
<pin_list>
<pin id="9" dir="1" index="0" bw="1" slack="0"/>
</pin_list>
<bind>
<StgValue><ssdm name=""/></StgValue>
</bind>
</comp>

<comp id="10" class="1004" name="in_read_read_fu_10">
<pin_list>
<pin id="11" dir="0" index="0" bw="9" slack="0"/>
<pin id="12" dir="0" index="1" bw="9" slack="0"/>
<pin id="13" dir="1" index="2" bw="9" slack="0"/>
</pin_list>
<bind>
<opcode="read(1150) " fcode="read"/>
<opset="in_read/1 "/>
</bind>
</comp>

<comp id="16" class="1004" name="tmp_fu_16">
<pin_list>
<pin id="17" dir="0" index="0" bw="1" slack="0"/>
<pin id="18" dir="0" index="1" bw="9" slack="0"/>
<pin id="19" dir="0" index="2" bw="5" slack="0"/>
<pin id="20" dir="1" index="3" bw="1" slack="0"/>
</pin_list>
<bind>
<opcode="bitselect(1000) " fcode="bitselect"/>
<opset="tmp/1 "/>
</bind>
</comp>

<comp id="24" class="1004" name="out_fu_24">
<pin_list>
<pin id="25" dir="0" index="0" bw="1" slack="0"/>
<pin id="26" dir="0" index="1" bw="9" slack="0"/>
<pin id="27" dir="0" index="2" bw="9" slack="0"/>
<pin id="28" dir="1" index="3" bw="9" slack="2147483647"/>
</pin_list>
<bind>
<opcode="select(49) " fcode="select"/>
<opset="out/1 "/>
</bind>
</comp>

</comp_list>

<net_list>
<net id="14"><net_src comp="2" pin="0"/><net_sink comp="10" pin=0"/></net>

<net id="15"><net_src comp="0" pin="0"/><net_sink comp="10" pin=1"/></net>

<net id="21"><net_src comp="4" pin="0"/><net_sink comp="16" pin=0"/></net>

<net id="22"><net_src comp="10" pin="2"/><net_sink comp="16" pin=1"/></net>

<net id="23"><net_src comp="6" pin="0"/><net_sink comp="16" pin=2"/></net>

<net id="29"><net_src comp="16" pin="3"/><net_sink comp="24" pin=0"/></net>

<net id="30"><net_src comp="8" pin="0"/><net_sink comp="24" pin=1"/></net>

<net id="31"><net_src comp="10" pin="2"/><net_sink comp="24" pin=2"/></net>

</net_list>

</model> 
---------------- Datapath Model END ------------------

* FSMD analyzer results:
  - Output states:
 - Input state : 
	Port: crop_upper : in_r | {1 }
  - Chain level:
	State 1
		out : 1
		ret_ln44 : 2


============================================================
+ Verbose Summary: Datapath Resource usage 
============================================================

* Functional unit list:
|----------|--------------------|---------|---------|
| Operation|   Functional Unit  |    FF   |   LUT   |
|----------|--------------------|---------|---------|
|  select  |      out_fu_24     |    0    |    9    |
|----------|--------------------|---------|---------|
|   read   | in_read_read_fu_10 |    0    |    0    |
|----------|--------------------|---------|---------|
| bitselect|      tmp_fu_16     |    0    |    0    |
|----------|--------------------|---------|---------|
|   Total  |                    |    0    |    9    |
|----------|--------------------|---------|---------|

Memories:
N/A

* Register list:
N/A

* Multiplexer (MUX) list: 
|--------|------|------|------|--------|
|  Comp  |  Pin | Size |  BW  | S x BW |
|--------|------|------|------|--------|
|  Total |      |      |      |    0   |
|--------|------|------|------|--------|



* Summary:
+-----------+--------+--------+
|           |   FF   |   LUT  |
+-----------+--------+--------+
|  Function |    0   |    9   |
|   Memory  |    -   |    -   |
|Multiplexer|    -   |    -   |
|  Register |    -   |    -   |
+-----------+--------+--------+
|   Total   |    0   |    9   |
+-----------+--------+--------+
